/home/az/ITP Workspace/ns-allinone-3.29/ns-3.29/examples/tutorial/first.py:62: warning: Reached end of file while still inside a (nested) comment. Nesting level 2 (probable line reference: 1, 1)
/home/az/ITP Workspace/ns-allinone-3.29/ns-3.29/examples/wireless/wifi-ap.py:172: warning: Reached end of file while still inside a (nested) comment. Nesting level 3 (probable line reference: 159, 159, 159)
/home/az/ITP Workspace/ns-allinone-3.29/ns-3.29/src/core/examples/test-string-value-formatting.cc:22: warning: missing title after \defgroup string-value-formatting
/home/az/ITP Workspace/ns-allinone-3.29/ns-3.29/src/core/model/random-variable-stream.h:305: warning: reached end of file while inside a f$ block!
The command that should end the block seems to be missing!

/home/az/ITP Workspace/ns-allinone-3.29/ns-3.29/src/traffic-control/model/traffic-control-layer.h:37: warning: missing title after \defgroup traffic-control
/home/az/ITP Workspace/ns-allinone-3.29/ns-3.29/src/dsdv/test/dsdv-testcase.cc:51: warning: Refusing to add group dsdv-test to itself
/home/az/ITP Workspace/ns-allinone-3.29/ns-3.29/src/traffic-control/model/traffic-control-layer.h:37: warning: Refusing to add group Traffic-control to itself
/home/az/ITP Workspace/ns-allinone-3.29/ns-3.29/src/internet/model/consumer.h:136: warning: the name `struct' supplied as the argument of the \class, \struct, \union, or \include command is not an input file
/home/az/ITP Workspace/ns-allinone-3.29/ns-3.29/src/aodv/test/aodv-id-cache-test-suite.cc:121: warning: Member g_idCacheTestSuite found in multiple @ingroup groups! The member will be put in group tests, and not in group aodv-test
/home/az/ITP Workspace/ns-allinone-3.29/ns-3.29/src/aodv/test/aodv-regression.cc:64: warning: Member g_aodvRegressionTestSuite found in multiple @ingroup groups! The member will be put in group tests, and not in group aodv-test
/home/az/ITP Workspace/ns-allinone-3.29/ns-3.29/src/aodv/test/aodv-test-suite.cc:666: warning: Member g_aodvTestSuite found in multiple @ingroup groups! The member will be put in group tests, and not in group aodv-test
/home/az/ITP Workspace/ns-allinone-3.29/ns-3.29/src/aodv/test/loopback.cc:193: warning: Member g_aodvLoopbackTestSuite found in multiple @ingroup groups! The member will be put in group tests, and not in group aodv-test
/home/az/ITP Workspace/ns-allinone-3.29/ns-3.29/src/dsdv/test/dsdv-testcase.cc:218: warning: Member g_dsdvTestSuite found in multiple @ingroup groups! The member will be put in group tests, and not in group dsdv-test
/home/az/ITP Workspace/ns-allinone-3.29/ns-3.29/src/internet/test/tcp-ecn-test.cc:567: warning: Member g_tcpECNTestSuite found in multiple @ingroup groups! The member will be put in group tests, and not in group internet-test
/home/az/ITP Workspace/ns-allinone-3.29/ns-3.29/src/internet/test/tcp-highspeed-test.cc:227: warning: Member highSpeedImportantValues found in multiple @ingroup groups! The member will be put in group tests, and not in group internet-test
/home/az/ITP Workspace/ns-allinone-3.29/ns-3.29/src/lte/test/test-lte-epc-e2e-data.cc:382: warning: Member g_lteEpcE2eDataTestSuite found in multiple @ingroup groups! The member will be put in group tests, and not in group lte-test
/home/az/ITP Workspace/ns-allinone-3.29/ns-3.29/src/lte/test/test-lte-handover-delay.cc:309: warning: Member g_lteHandoverDelayTestSuite found in multiple @ingroup groups! The member will be put in group tests, and not in group lte-test
/home/az/ITP Workspace/ns-allinone-3.29/ns-3.29/src/lte/test/test-lte-rlc-header.cc:201: warning: Member staticLteRlcHeaderTestSuiteInstance found in multiple @ingroup groups! The member will be put in group tests, and not in group lte-test
/home/az/ITP Workspace/ns-allinone-3.29/ns-3.29/src/mesh/test/dot11s/regression.cc:50: warning: Member g_dot11sRegressionSuite found in multiple @ingroup groups! The member will be put in group tests, and not in group dot11s-test
/home/az/ITP Workspace/ns-allinone-3.29/ns-3.29/src/mesh/test/flame/regression.cc:42: warning: Member g_flameRegressionSuite found in multiple @ingroup groups! The member will be put in group tests, and not in group flame-test
/home/az/ITP Workspace/ns-allinone-3.29/ns-3.29/src/mobility/test/ns2-mobility-helper-test-suite.cc:536: warning: Member g_ns2TransmobilityHelperTestSuite found in multiple @ingroup groups! The member will be put in group tests, and not in group mobility-test
/home/az/ITP Workspace/ns-allinone-3.29/ns-3.29/src/mobility/test/steady-state-random-waypoint-mobility-model-test.cc:159: warning: Member g_steadyStateRandomWaypointTestSuite found in multiple @ingroup groups! The member will be put in group tests, and not in group mobility-test
/home/az/ITP Workspace/ns-allinone-3.29/ns-3.29/src/mobility/test/waypoint-mobility-model-test.cc:262: warning: Member g_waypointMobilityModelTestSuite found in multiple @ingroup groups! The member will be put in group tests, and not in group mobility-test
/home/az/ITP Workspace/ns-allinone-3.29/ns-3.29/src/netanim/test/netanim-test.cc:271: warning: Member g_animationInterfaceTestSuite found in multiple @ingroup groups! The member will be put in group tests, and not in group netanim-test
/home/az/ITP Workspace/ns-allinone-3.29/ns-3.29/src/traffic-control/test/adaptive-red-queue-disc-test-suite.cc:375: warning: Member g_aredQueueDiscTestSuite found in multiple @ingroup groups! The member will be put in group tests, and not in group traffic-control-test
/home/az/ITP Workspace/ns-allinone-3.29/ns-3.29/src/traffic-control/test/codel-queue-disc-test-suite.cc:610: warning: Member g_coDelQueueTestSuite found in multiple @ingroup groups! The member will be put in group tests, and not in group traffic-control-test
/home/az/ITP Workspace/ns-allinone-3.29/ns-3.29/src/traffic-control/test/fifo-queue-disc-test-suite.cc:267: warning: Member g_fifoQueueTestSuite found in multiple @ingroup groups! The member will be put in group tests, and not in group traffic-control-test
/home/az/ITP Workspace/ns-allinone-3.29/ns-3.29/src/traffic-control/test/pie-queue-disc-test-suite.cc:396: warning: Member g_pieQueueTestSuite found in multiple @ingroup groups! The member will be put in group tests, and not in group traffic-control-test
/home/az/ITP Workspace/ns-allinone-3.29/ns-3.29/src/traffic-control/test/prio-queue-disc-test-suite.cc:324: warning: Member g_prioQueueTestSuite found in multiple @ingroup groups! The member will be put in group tests, and not in group traffic-control-test
/home/az/ITP Workspace/ns-allinone-3.29/ns-3.29/src/traffic-control/test/queue-disc-traces-test-suite.cc:576: warning: Member g_queueDiscTracesTestSuite found in multiple @ingroup groups! The member will be put in group tests, and not in group traffic-control-test
/home/az/ITP Workspace/ns-allinone-3.29/ns-3.29/src/traffic-control/test/red-queue-disc-test-suite.cc:532: warning: Member g_redQueueTestSuite found in multiple @ingroup groups! The member will be put in group tests, and not in group traffic-control-test
/home/az/ITP Workspace/ns-allinone-3.29/ns-3.29/src/traffic-control/test/tbf-queue-disc-test-suite.cc:451: warning: Member g_tbfQueueTestSuite found in multiple @ingroup groups! The member will be put in group tests, and not in group traffic-control-test
/home/az/ITP Workspace/ns-allinone-3.29/ns-3.29/src/traffic-control/test/tc-flow-control-test-suite.cc:392: warning: Member g_tcFlowControlTestSuite found in multiple @ingroup groups! The member will be put in group tests, and not in group traffic-control-test
/home/az/ITP Workspace/ns-allinone-3.29/ns-3.29/src/internet/test/tcp-general-test.h:1124: warning: Member GetCongStateFrom found in multiple @ingroup groups! The member will be put in group tests, and not in group internet-test
/home/az/ITP Workspace/ns-allinone-3.29/ns-3.29/src/config-store/model/model-node-creator.h:38: warning: Documentation for undefined enum `node' found.
/home/az/ITP Workspace/ns-allinone-3.29/ns-3.29/src/config-store/model/model-typeid-creator.h:38: warning: Documentation for undefined enum `node' found.
/home/az/ITP Workspace/ns-allinone-3.29/ns-3.29/doc/introspected-doxygen.h:30811: warning: documented symbol `DsssParameterSet ns3::DsssParameterSetValue::DsssParameterSetValue' was not declared or defined.
/home/az/ITP Workspace/ns-allinone-3.29/ns-3.29/doc/introspected-doxygen.h:30816: warning: no uniquely matching class member found for 
  DsssParameterSet ns3::DsssParameterSetValue::Get(void) const

/home/az/ITP Workspace/ns-allinone-3.29/ns-3.29/doc/introspected-doxygen.h:30820: warning: no uniquely matching class member found for 
  bool ns3::DsssParameterSetValue::GetAccessor(T &value) const

/home/az/ITP Workspace/ns-allinone-3.29/ns-3.29/doc/introspected-doxygen.h:30827: warning: no uniquely matching class member found for 
  void ns3::DsssParameterSetValue::Set(const DsssParameterSet &value)

/home/az/ITP Workspace/ns-allinone-3.29/ns-3.29/doc/introspected-doxygen.h:30832: warning: no uniquely matching class member found for 
  DsssParameterSet ns3::DsssParameterSetValue::m_value

/home/az/ITP Workspace/ns-allinone-3.29/ns-3.29/doc/introspected-doxygen.h:30838: warning: documented symbol `ns3::Ptr< const ns3::AttributeAccessor > ns3::MakeDsssParameterSetAccessor' was not declared or defined.
/home/az/ITP Workspace/ns-allinone-3.29/ns-3.29/doc/introspected-doxygen.h:30844: warning: documented symbol `ns3::Ptr< const ns3::AttributeAccessor > ns3::MakeDsssParameterSetAccessor' was not declared or defined.
/home/az/ITP Workspace/ns-allinone-3.29/ns-3.29/doc/introspected-doxygen.h:30857: warning: documented symbol `ns3::Ptr< const ns3::AttributeChecker > ns3::MakeDsssParameterSetChecker' was not declared or defined.
/home/az/ITP Workspace/ns-allinone-3.29/ns-3.29/doc/introspected-doxygen.h:30874: warning: documented symbol `EdcaParameterSet ns3::EdcaParameterSetValue::EdcaParameterSetValue' was not declared or defined.
/home/az/ITP Workspace/ns-allinone-3.29/ns-3.29/doc/introspected-doxygen.h:30879: warning: no uniquely matching class member found for 
  EdcaParameterSet ns3::EdcaParameterSetValue::Get(void) const

/home/az/ITP Workspace/ns-allinone-3.29/ns-3.29/doc/introspected-doxygen.h:30883: warning: no uniquely matching class member found for 
  bool ns3::EdcaParameterSetValue::GetAccessor(T &value) const

/home/az/ITP Workspace/ns-allinone-3.29/ns-3.29/doc/introspected-doxygen.h:30890: warning: no uniquely matching class member found for 
  void ns3::EdcaParameterSetValue::Set(const EdcaParameterSet &value)

/home/az/ITP Workspace/ns-allinone-3.29/ns-3.29/doc/introspected-doxygen.h:30895: warning: no uniquely matching class member found for 
  EdcaParameterSet ns3::EdcaParameterSetValue::m_value

/home/az/ITP Workspace/ns-allinone-3.29/ns-3.29/doc/introspected-doxygen.h:30901: warning: documented symbol `ns3::Ptr< const ns3::AttributeAccessor > ns3::MakeEdcaParameterSetAccessor' was not declared or defined.
/home/az/ITP Workspace/ns-allinone-3.29/ns-3.29/doc/introspected-doxygen.h:30907: warning: documented symbol `ns3::Ptr< const ns3::AttributeAccessor > ns3::MakeEdcaParameterSetAccessor' was not declared or defined.
/home/az/ITP Workspace/ns-allinone-3.29/ns-3.29/doc/introspected-doxygen.h:30920: warning: documented symbol `ns3::Ptr< const ns3::AttributeChecker > ns3::MakeEdcaParameterSetChecker' was not declared or defined.
/home/az/ITP Workspace/ns-allinone-3.29/ns-3.29/doc/introspected-doxygen.h:30937: warning: documented symbol `ErpInformation ns3::ErpInformationValue::ErpInformationValue' was not declared or defined.
/home/az/ITP Workspace/ns-allinone-3.29/ns-3.29/doc/introspected-doxygen.h:30942: warning: no uniquely matching class member found for 
  ErpInformation ns3::ErpInformationValue::Get(void) const

/home/az/ITP Workspace/ns-allinone-3.29/ns-3.29/doc/introspected-doxygen.h:30946: warning: no uniquely matching class member found for 
  bool ns3::ErpInformationValue::GetAccessor(T &value) const

/home/az/ITP Workspace/ns-allinone-3.29/ns-3.29/doc/introspected-doxygen.h:30953: warning: no uniquely matching class member found for 
  void ns3::ErpInformationValue::Set(const ErpInformation &value)

/home/az/ITP Workspace/ns-allinone-3.29/ns-3.29/doc/introspected-doxygen.h:30958: warning: no uniquely matching class member found for 
  ErpInformation ns3::ErpInformationValue::m_value

/home/az/ITP Workspace/ns-allinone-3.29/ns-3.29/doc/introspected-doxygen.h:30964: warning: documented symbol `ns3::Ptr< const ns3::AttributeAccessor > ns3::MakeErpInformationAccessor' was not declared or defined.
/home/az/ITP Workspace/ns-allinone-3.29/ns-3.29/doc/introspected-doxygen.h:30970: warning: documented symbol `ns3::Ptr< const ns3::AttributeAccessor > ns3::MakeErpInformationAccessor' was not declared or defined.
/home/az/ITP Workspace/ns-allinone-3.29/ns-3.29/doc/introspected-doxygen.h:30983: warning: documented symbol `ns3::Ptr< const ns3::AttributeChecker > ns3::MakeErpInformationChecker' was not declared or defined.
/home/az/ITP Workspace/ns-allinone-3.29/ns-3.29/doc/introspected-doxygen.h:31000: warning: documented symbol `ExtendedCapabilities ns3::ExtendedCapabilitiesValue::ExtendedCapabilitiesValue' was not declared or defined.
/home/az/ITP Workspace/ns-allinone-3.29/ns-3.29/doc/introspected-doxygen.h:31005: warning: no uniquely matching class member found for 
  ExtendedCapabilities ns3::ExtendedCapabilitiesValue::Get(void) const

/home/az/ITP Workspace/ns-allinone-3.29/ns-3.29/doc/introspected-doxygen.h:31009: warning: no uniquely matching class member found for 
  bool ns3::ExtendedCapabilitiesValue::GetAccessor(T &value) const

/home/az/ITP Workspace/ns-allinone-3.29/ns-3.29/doc/introspected-doxygen.h:31016: warning: no uniquely matching class member found for 
  void ns3::ExtendedCapabilitiesValue::Set(const ExtendedCapabilities &value)

/home/az/ITP Workspace/ns-allinone-3.29/ns-3.29/doc/introspected-doxygen.h:31021: warning: no uniquely matching class member found for 
  ExtendedCapabilities ns3::ExtendedCapabilitiesValue::m_value

/home/az/ITP Workspace/ns-allinone-3.29/ns-3.29/doc/introspected-doxygen.h:31027: warning: documented symbol `ns3::Ptr< const ns3::AttributeAccessor > ns3::MakeExtendedCapabilitiesAccessor' was not declared or defined.
/home/az/ITP Workspace/ns-allinone-3.29/ns-3.29/doc/introspected-doxygen.h:31033: warning: documented symbol `ns3::Ptr< const ns3::AttributeAccessor > ns3::MakeExtendedCapabilitiesAccessor' was not declared or defined.
/home/az/ITP Workspace/ns-allinone-3.29/ns-3.29/doc/introspected-doxygen.h:31046: warning: documented symbol `ns3::Ptr< const ns3::AttributeChecker > ns3::MakeExtendedCapabilitiesChecker' was not declared or defined.
/home/az/ITP Workspace/ns-allinone-3.29/ns-3.29/doc/introspected-doxygen.h:31063: warning: documented symbol `HeCapabilities ns3::HeCapabilitiesValue::HeCapabilitiesValue' was not declared or defined.
/home/az/ITP Workspace/ns-allinone-3.29/ns-3.29/doc/introspected-doxygen.h:31068: warning: no uniquely matching class member found for 
  HeCapabilities ns3::HeCapabilitiesValue::Get(void) const

/home/az/ITP Workspace/ns-allinone-3.29/ns-3.29/doc/introspected-doxygen.h:31072: warning: no uniquely matching class member found for 
  bool ns3::HeCapabilitiesValue::GetAccessor(T &value) const

/home/az/ITP Workspace/ns-allinone-3.29/ns-3.29/doc/introspected-doxygen.h:31079: warning: no uniquely matching class member found for 
  void ns3::HeCapabilitiesValue::Set(const HeCapabilities &value)

/home/az/ITP Workspace/ns-allinone-3.29/ns-3.29/doc/introspected-doxygen.h:31084: warning: no uniquely matching class member found for 
  HeCapabilities ns3::HeCapabilitiesValue::m_value

/home/az/ITP Workspace/ns-allinone-3.29/ns-3.29/doc/introspected-doxygen.h:31090: warning: documented symbol `ns3::Ptr< const ns3::AttributeAccessor > ns3::MakeHeCapabilitiesAccessor' was not declared or defined.
/home/az/ITP Workspace/ns-allinone-3.29/ns-3.29/doc/introspected-doxygen.h:31096: warning: documented symbol `ns3::Ptr< const ns3::AttributeAccessor > ns3::MakeHeCapabilitiesAccessor' was not declared or defined.
/home/az/ITP Workspace/ns-allinone-3.29/ns-3.29/doc/introspected-doxygen.h:31109: warning: documented symbol `ns3::Ptr< const ns3::AttributeChecker > ns3::MakeHeCapabilitiesChecker' was not declared or defined.
/home/az/ITP Workspace/ns-allinone-3.29/ns-3.29/doc/introspected-doxygen.h:31126: warning: documented symbol `VhtCapabilities ns3::VhtCapabilitiesValue::VhtCapabilitiesValue' was not declared or defined.
/home/az/ITP Workspace/ns-allinone-3.29/ns-3.29/doc/introspected-doxygen.h:31131: warning: no uniquely matching class member found for 
  VhtCapabilities ns3::VhtCapabilitiesValue::Get(void) const

/home/az/ITP Workspace/ns-allinone-3.29/ns-3.29/doc/introspected-doxygen.h:31135: warning: no uniquely matching class member found for 
  bool ns3::VhtCapabilitiesValue::GetAccessor(T &value) const

/home/az/ITP Workspace/ns-allinone-3.29/ns-3.29/doc/introspected-doxygen.h:31142: warning: no uniquely matching class member found for 
  void ns3::VhtCapabilitiesValue::Set(const VhtCapabilities &value)

/home/az/ITP Workspace/ns-allinone-3.29/ns-3.29/doc/introspected-doxygen.h:31147: warning: no uniquely matching class member found for 
  VhtCapabilities ns3::VhtCapabilitiesValue::m_value

/home/az/ITP Workspace/ns-allinone-3.29/ns-3.29/doc/introspected-doxygen.h:31153: warning: documented symbol `ns3::Ptr< const ns3::AttributeAccessor > ns3::MakeVhtCapabilitiesAccessor' was not declared or defined.
/home/az/ITP Workspace/ns-allinone-3.29/ns-3.29/doc/introspected-doxygen.h:31159: warning: documented symbol `ns3::Ptr< const ns3::AttributeAccessor > ns3::MakeVhtCapabilitiesAccessor' was not declared or defined.
/home/az/ITP Workspace/ns-allinone-3.29/ns-3.29/doc/introspected-doxygen.h:31172: warning: documented symbol `ns3::Ptr< const ns3::AttributeChecker > ns3::MakeVhtCapabilitiesChecker' was not declared or defined.
/home/az/ITP Workspace/ns-allinone-3.29/ns-3.29/doc/introspected-doxygen.h:31189: warning: documented symbol `HtCapabilities ns3::HtCapabilitiesValue::HtCapabilitiesValue' was not declared or defined.
/home/az/ITP Workspace/ns-allinone-3.29/ns-3.29/doc/introspected-doxygen.h:31194: warning: no uniquely matching class member found for 
  HtCapabilities ns3::HtCapabilitiesValue::Get(void) const

/home/az/ITP Workspace/ns-allinone-3.29/ns-3.29/doc/introspected-doxygen.h:31198: warning: no uniquely matching class member found for 
  bool ns3::HtCapabilitiesValue::GetAccessor(T &value) const

/home/az/ITP Workspace/ns-allinone-3.29/ns-3.29/doc/introspected-doxygen.h:31205: warning: no uniquely matching class member found for 
  void ns3::HtCapabilitiesValue::Set(const HtCapabilities &value)

/home/az/ITP Workspace/ns-allinone-3.29/ns-3.29/doc/introspected-doxygen.h:31210: warning: no uniquely matching class member found for 
  HtCapabilities ns3::HtCapabilitiesValue::m_value

/home/az/ITP Workspace/ns-allinone-3.29/ns-3.29/doc/introspected-doxygen.h:31216: warning: documented symbol `ns3::Ptr< const ns3::AttributeAccessor > ns3::MakeHtCapabilitiesAccessor' was not declared or defined.
/home/az/ITP Workspace/ns-allinone-3.29/ns-3.29/doc/introspected-doxygen.h:31222: warning: documented symbol `ns3::Ptr< const ns3::AttributeAccessor > ns3::MakeHtCapabilitiesAccessor' was not declared or defined.
/home/az/ITP Workspace/ns-allinone-3.29/ns-3.29/doc/introspected-doxygen.h:31235: warning: documented symbol `ns3::Ptr< const ns3::AttributeChecker > ns3::MakeHtCapabilitiesChecker' was not declared or defined.
/home/az/ITP Workspace/ns-allinone-3.29/ns-3.29/doc/introspected-doxygen.h:32260: warning: documented symbol `HeOperation ns3::HeOperationValue::HeOperationValue' was not declared or defined.
/home/az/ITP Workspace/ns-allinone-3.29/ns-3.29/doc/introspected-doxygen.h:32265: warning: no uniquely matching class member found for 
  HeOperation ns3::HeOperationValue::Get(void) const

/home/az/ITP Workspace/ns-allinone-3.29/ns-3.29/doc/introspected-doxygen.h:32269: warning: no uniquely matching class member found for 
  bool ns3::HeOperationValue::GetAccessor(T &value) const

/home/az/ITP Workspace/ns-allinone-3.29/ns-3.29/doc/introspected-doxygen.h:32276: warning: no uniquely matching class member found for 
  void ns3::HeOperationValue::Set(const HeOperation &value)

/home/az/ITP Workspace/ns-allinone-3.29/ns-3.29/doc/introspected-doxygen.h:32281: warning: no uniquely matching class member found for 
  HeOperation ns3::HeOperationValue::m_value

/home/az/ITP Workspace/ns-allinone-3.29/ns-3.29/doc/introspected-doxygen.h:32287: warning: documented symbol `ns3::Ptr< const ns3::AttributeAccessor > ns3::MakeHeOperationAccessor' was not declared or defined.
/home/az/ITP Workspace/ns-allinone-3.29/ns-3.29/doc/introspected-doxygen.h:32293: warning: documented symbol `ns3::Ptr< const ns3::AttributeAccessor > ns3::MakeHeOperationAccessor' was not declared or defined.
/home/az/ITP Workspace/ns-allinone-3.29/ns-3.29/doc/introspected-doxygen.h:32306: warning: documented symbol `ns3::Ptr< const ns3::AttributeChecker > ns3::MakeHeOperationChecker' was not declared or defined.
/home/az/ITP Workspace/ns-allinone-3.29/ns-3.29/doc/introspected-doxygen.h:32323: warning: documented symbol `VhtOperation ns3::VhtOperationValue::VhtOperationValue' was not declared or defined.
/home/az/ITP Workspace/ns-allinone-3.29/ns-3.29/doc/introspected-doxygen.h:32328: warning: no uniquely matching class member found for 
  VhtOperation ns3::VhtOperationValue::Get(void) const

/home/az/ITP Workspace/ns-allinone-3.29/ns-3.29/doc/introspected-doxygen.h:32332: warning: no uniquely matching class member found for 
  bool ns3::VhtOperationValue::GetAccessor(T &value) const

/home/az/ITP Workspace/ns-allinone-3.29/ns-3.29/doc/introspected-doxygen.h:32339: warning: no uniquely matching class member found for 
  void ns3::VhtOperationValue::Set(const VhtOperation &value)

/home/az/ITP Workspace/ns-allinone-3.29/ns-3.29/doc/introspected-doxygen.h:32344: warning: no uniquely matching class member found for 
  VhtOperation ns3::VhtOperationValue::m_value

/home/az/ITP Workspace/ns-allinone-3.29/ns-3.29/doc/introspected-doxygen.h:32350: warning: documented symbol `ns3::Ptr< const ns3::AttributeAccessor > ns3::MakeVhtOperationAccessor' was not declared or defined.
/home/az/ITP Workspace/ns-allinone-3.29/ns-3.29/doc/introspected-doxygen.h:32356: warning: documented symbol `ns3::Ptr< const ns3::AttributeAccessor > ns3::MakeVhtOperationAccessor' was not declared or defined.
/home/az/ITP Workspace/ns-allinone-3.29/ns-3.29/doc/introspected-doxygen.h:32369: warning: documented symbol `ns3::Ptr< const ns3::AttributeChecker > ns3::MakeVhtOperationChecker' was not declared or defined.
/home/az/ITP Workspace/ns-allinone-3.29/ns-3.29/doc/introspected-doxygen.h:32386: warning: documented symbol `HtOperation ns3::HtOperationValue::HtOperationValue' was not declared or defined.
/home/az/ITP Workspace/ns-allinone-3.29/ns-3.29/doc/introspected-doxygen.h:32391: warning: no uniquely matching class member found for 
  HtOperation ns3::HtOperationValue::Get(void) const

/home/az/ITP Workspace/ns-allinone-3.29/ns-3.29/doc/introspected-doxygen.h:32395: warning: no uniquely matching class member found for 
  bool ns3::HtOperationValue::GetAccessor(T &value) const

/home/az/ITP Workspace/ns-allinone-3.29/ns-3.29/doc/introspected-doxygen.h:32402: warning: no uniquely matching class member found for 
  void ns3::HtOperationValue::Set(const HtOperation &value)

/home/az/ITP Workspace/ns-allinone-3.29/ns-3.29/doc/introspected-doxygen.h:32407: warning: no uniquely matching class member found for 
  HtOperation ns3::HtOperationValue::m_value

/home/az/ITP Workspace/ns-allinone-3.29/ns-3.29/doc/introspected-doxygen.h:32413: warning: documented symbol `ns3::Ptr< const ns3::AttributeAccessor > ns3::MakeHtOperationAccessor' was not declared or defined.
/home/az/ITP Workspace/ns-allinone-3.29/ns-3.29/doc/introspected-doxygen.h:32419: warning: documented symbol `ns3::Ptr< const ns3::AttributeAccessor > ns3::MakeHtOperationAccessor' was not declared or defined.
/home/az/ITP Workspace/ns-allinone-3.29/ns-3.29/doc/introspected-doxygen.h:32432: warning: documented symbol `ns3::Ptr< const ns3::AttributeChecker > ns3::MakeHtOperationChecker' was not declared or defined.
/home/az/ITP Workspace/ns-allinone-3.29/ns-3.29/doc/introspected-doxygen.h:32574: warning: no matching class member found for 
  Boolean ns3::BooleanValue::BooleanValue(const Boolean &value)
Possible candidates:
  ns3::BooleanValue::BooleanValue()
  ns3::BooleanValue::BooleanValue(bool value)

/home/az/ITP Workspace/ns-allinone-3.29/ns-3.29/doc/introspected-doxygen.h:32637: warning: no matching class member found for 
  Callback ns3::CallbackValue::CallbackValue(const ns3::Callback< R, T1, T2, T3, T4, T5, T6, T7, T8, T9 > &value)
Possible candidates:
  ns3::CallbackValue::CallbackValue()
  ns3::CallbackValue::CallbackValue(const CallbackBase &base)

/home/az/ITP Workspace/ns-allinone-3.29/ns-3.29/doc/introspected-doxygen.h:32642: warning: no uniquely matching class member found for 
  Callback ns3::CallbackValue::Get(void) const

/home/az/ITP Workspace/ns-allinone-3.29/ns-3.29/doc/introspected-doxygen.h:32756: warning: no matching class member found for 
  Enum ns3::EnumValue::EnumValue(const int &value)
Possible candidates:
  ns3::EnumValue::EnumValue()
  ns3::EnumValue::EnumValue(int value)

/home/az/ITP Workspace/ns-allinone-3.29/ns-3.29/doc/introspected-doxygen.h:32880: warning: no matching class member found for 
  Pointer ns3::PointerValue::PointerValue(const Pointer &value)
Possible candidates:
  ns3::PointerValue::PointerValue()
  ns3::PointerValue::PointerValue(Ptr< Object > object)
  'template < T >
  ns3::PointerValue::PointerValue(const Ptr< T > &object)

/home/az/ITP Workspace/ns-allinone-3.29/ns-3.29/doc/introspected-doxygen.h:32943: warning: documented symbol `RandomVariable ns3::RandomVariableValue::RandomVariableValue' was not declared or defined.
/home/az/ITP Workspace/ns-allinone-3.29/ns-3.29/doc/introspected-doxygen.h:32948: warning: no uniquely matching class member found for 
  RandomVariable ns3::RandomVariableValue::Get(void) const

/home/az/ITP Workspace/ns-allinone-3.29/ns-3.29/doc/introspected-doxygen.h:32952: warning: no uniquely matching class member found for 
  bool ns3::RandomVariableValue::GetAccessor(T &value) const

/home/az/ITP Workspace/ns-allinone-3.29/ns-3.29/doc/introspected-doxygen.h:32959: warning: no uniquely matching class member found for 
  void ns3::RandomVariableValue::Set(const RandomVariable &value)

/home/az/ITP Workspace/ns-allinone-3.29/ns-3.29/doc/introspected-doxygen.h:32964: warning: no uniquely matching class member found for 
  RandomVariable ns3::RandomVariableValue::m_value

/home/az/ITP Workspace/ns-allinone-3.29/ns-3.29/doc/introspected-doxygen.h:32970: warning: documented symbol `ns3::Ptr< const ns3::AttributeAccessor > ns3::MakeRandomVariableAccessor' was not declared or defined.
/home/az/ITP Workspace/ns-allinone-3.29/ns-3.29/doc/introspected-doxygen.h:32976: warning: documented symbol `ns3::Ptr< const ns3::AttributeAccessor > ns3::MakeRandomVariableAccessor' was not declared or defined.
/home/az/ITP Workspace/ns-allinone-3.29/ns-3.29/doc/introspected-doxygen.h:32989: warning: documented symbol `ns3::Ptr< const ns3::AttributeChecker > ns3::MakeRandomVariableChecker' was not declared or defined.
/home/az/ITP Workspace/ns-allinone-3.29/ns-3.29/src/core/model/nstime.h:1097: warning: Member documentation for MakeTimeChecker found several times in @ingroup groups!
/home/az/ITP Workspace/ns-allinone-3.29/ns-3.29/doc/introspected-doxygen.h:33114: The member will remain in group time, and won't be put into group attribute_Time
/home/az/ITP Workspace/ns-allinone-3.29/ns-3.29/doc/introspected-doxygen.h:33195: warning: no uniquely matching class member found for 
  EmptyAttribute ns3::EmptyAttributeValue::Get(void) const

/home/az/ITP Workspace/ns-allinone-3.29/ns-3.29/doc/introspected-doxygen.h:33199: warning: no uniquely matching class member found for 
  bool ns3::EmptyAttributeValue::GetAccessor(T &value) const

/home/az/ITP Workspace/ns-allinone-3.29/ns-3.29/doc/introspected-doxygen.h:33206: warning: no uniquely matching class member found for 
  void ns3::EmptyAttributeValue::Set(const EmptyAttribute &value)

/home/az/ITP Workspace/ns-allinone-3.29/ns-3.29/doc/introspected-doxygen.h:33211: warning: no uniquely matching class member found for 
  EmptyAttribute ns3::EmptyAttributeValue::m_value

/home/az/ITP Workspace/ns-allinone-3.29/ns-3.29/doc/introspected-doxygen.h:33234: warning: no uniquely matching class member found for 
  bool ns3::ObjectPtrContainerValue::GetAccessor(T &value) const

/home/az/ITP Workspace/ns-allinone-3.29/ns-3.29/doc/introspected-doxygen.h:33241: warning: no uniquely matching class member found for 
  void ns3::ObjectPtrContainerValue::Set(const ObjectPtrContainer &value)

/home/az/ITP Workspace/ns-allinone-3.29/ns-3.29/doc/introspected-doxygen.h:33246: warning: no uniquely matching class member found for 
  ObjectPtrContainer ns3::ObjectPtrContainerValue::m_value

/home/az/ITP Workspace/ns-allinone-3.29/ns-3.29/src/aodv/test/aodv-regression.cc:73: warning: Member ChainRegressionTest found in multiple @ingroup groups! The member will be put in group tests, and not in group aodv-test
/home/az/ITP Workspace/ns-allinone-3.29/ns-3.29/src/core/model/log.cc:676: warning: documented symbol `ParameterLogger & ns3::ParameterLogger::operator<< < const char * >' was not declared or defined.
/home/az/ITP Workspace/ns-allinone-3.29/ns-3.29/src/core/model/log.cc:684: warning: documented symbol `ParameterLogger & ns3::ParameterLogger::operator<< < int8_t >' was not declared or defined.
/home/az/ITP Workspace/ns-allinone-3.29/ns-3.29/src/core/model/log.cc:700: warning: documented symbol `ParameterLogger & ns3::ParameterLogger::operator<< < uint8_t >' was not declared or defined.
/home/az/ITP Workspace/ns-allinone-3.29/ns-3.29/src/core/model/log.h:523: warning: documented symbol `ParameterLogger & ns3::ParameterLogger::operator<< < std::string >' was not declared or defined.
/home/az/ITP Workspace/ns-allinone-3.29/ns-3.29/src/core/model/log.h:532: warning: documented symbol `ParameterLogger & ns3::ParameterLogger::operator<< < const char * >' was not declared or defined.
/home/az/ITP Workspace/ns-allinone-3.29/ns-3.29/src/core/model/log.h:541: warning: documented symbol `ParameterLogger & ns3::ParameterLogger::operator<< < int8_t >' was not declared or defined.
/home/az/ITP Workspace/ns-allinone-3.29/ns-3.29/src/core/model/log.h:550: warning: documented symbol `ParameterLogger & ns3::ParameterLogger::operator<< < uint8_t >' was not declared or defined.
/home/az/ITP Workspace/ns-allinone-3.29/ns-3.29/src/core/model/random-variable-stream.cc:192: warning: no uniquely matching class member found for 
  uint32_t ns3::UniformRandomVariable::GetInteger(uint32_t min, uint32_t max)

/home/az/ITP Workspace/ns-allinone-3.29/ns-3.29/src/core/model/random-variable-stream.cc:206: warning: no uniquely matching class member found for 
  uint32_t ns3::UniformRandomVariable::GetInteger(void)

/home/az/ITP Workspace/ns-allinone-3.29/ns-3.29/src/flow-monitor/examples/flowmon-parse-results.py:55: warning: documented symbol `flowmon-parse-results.Histogram::nbins' was not declared or defined.
/home/az/ITP Workspace/ns-allinone-3.29/ns-3.29/src/flow-monitor/examples/flowmon-parse-results.py:57: warning: documented symbol `flowmon-parse-results.Histogram::number_of_flows' was not declared or defined.
/home/az/ITP Workspace/ns-allinone-3.29/ns-3.29/src/flow-monitor/examples/flowmon-parse-results.py:102: warning: documented symbol `flowmon-parse-results.Flow::fiveTuple' was not declared or defined.
/home/az/ITP Workspace/ns-allinone-3.29/ns-3.29/src/flow-monitor/examples/flowmon-parse-results.py:151: warning: documented symbol `flowmon-parse-results.ProbeFlowStats::probeId' was not declared or defined.
/home/az/ITP Workspace/ns-allinone-3.29/ns-3.29/src/flow-monitor/examples/flowmon-parse-results.py:153: warning: no matching class member found for 
  flowmon-parse-results.ProbeFlowStats::packets

/home/az/ITP Workspace/ns-allinone-3.29/ns-3.29/src/flow-monitor/examples/flowmon-parse-results.py:155: warning: no uniquely matching class member found for 
  flowmon-parse-results.ProbeFlowStats::bytes

/home/az/ITP Workspace/ns-allinone-3.29/ns-3.29/src/flow-monitor/examples/flowmon-parse-results.py:157: warning: documented symbol `flowmon-parse-results.ProbeFlowStats::delayFromFirstProbe' was not declared or defined.
/home/az/ITP Workspace/ns-allinone-3.29/ns-3.29/src/internet/model/nsc-sysctl.cc:158: warning: no uniquely matching class member found for 
  TypeId ns3::Ns3NscStack::Ns3NscStack::GetTypeId(void)

/home/az/ITP Workspace/ns-allinone-3.29/ns-3.29/src/internet/model/tcp-socket-base.h:1220: warning: no uniquely matching class member found for 
  enum SocketErrno ns3::TcpSocketBase::m_errno()

/home/az/ITP Workspace/ns-allinone-3.29/ns-3.29/src/traffic-control/model/codel-queue-disc.h:106: warning: no matching class member found for 
  CoDelQueueDiscNewtonStepTest()

/home/az/ITP Workspace/ns-allinone-3.29/ns-3.29/src/traffic-control/model/codel-queue-disc.h:107: warning: no matching class member found for 
  CoDelQueueDiscControlLawTest()

/home/az/ITP Workspace/ns-allinone-3.29/ns-3.29/src/visualizer/visualizer/ipython_view.py:82: warning: documented symbol `visualizer.ipython_view.IterableIPShell::header' was not declared or defined.
/home/az/ITP Workspace/ns-allinone-3.29/ns-3.29/src/visualizer/visualizer/ipython_view.py:84: warning: no uniquely matching class member found for 
  visualizer.ipython_view.IterableIPShell::config

/home/az/ITP Workspace/ns-allinone-3.29/ns-3.29/src/visualizer/visualizer/ipython_view.py:86: warning: documented symbol `visualizer.ipython_view.IterableIPShell::user_ns' was not declared or defined.
/home/az/ITP Workspace/ns-allinone-3.29/ns-3.29/src/visualizer/visualizer/ipython_view.py:88: warning: documented symbol `visualizer.ipython_view.IterableIPShell::old_stdout' was not declared or defined.
/home/az/ITP Workspace/ns-allinone-3.29/ns-3.29/src/visualizer/visualizer/ipython_view.py:90: warning: documented symbol `visualizer.ipython_view.IterableIPShell::old_stderr' was not declared or defined.
/home/az/ITP Workspace/ns-allinone-3.29/ns-3.29/src/visualizer/visualizer/ipython_view.py:92: warning: documented symbol `visualizer.ipython_view.IterableIPShell::system' was not declared or defined.
/home/az/ITP Workspace/ns-allinone-3.29/ns-3.29/src/visualizer/visualizer/ipython_view.py:94: warning: documented symbol `visualizer.ipython_view.IterableIPShell::cfg' was not declared or defined.
/home/az/ITP Workspace/ns-allinone-3.29/ns-3.29/src/visualizer/visualizer/ipython_view.py:96: warning: no matching class member found for 
  visualizer.ipython_view.IterableIPShell::colors

/home/az/ITP Workspace/ns-allinone-3.29/ns-3.29/src/visualizer/visualizer/ipython_view.py:98: warning: documented symbol `visualizer.ipython_view.IterableIPShell::raw_input_original' was not declared or defined.
/home/az/ITP Workspace/ns-allinone-3.29/ns-3.29/src/visualizer/visualizer/ipython_view.py:100: warning: documented symbol `visualizer.ipython_view.IterableIPShell::stdin' was not declared or defined.
/home/az/ITP Workspace/ns-allinone-3.29/ns-3.29/src/visualizer/visualizer/ipython_view.py:102: warning: documented symbol `visualizer.ipython_view.IterableIPShell::stdout' was not declared or defined.
/home/az/ITP Workspace/ns-allinone-3.29/ns-3.29/src/visualizer/visualizer/ipython_view.py:104: warning: documented symbol `visualizer.ipython_view.IterableIPShell::stderr' was not declared or defined.
/home/az/ITP Workspace/ns-allinone-3.29/ns-3.29/src/visualizer/visualizer/ipython_view.py:106: warning: no matching class member found for 
  visualizer.ipython_view.IterableIPShell::raw_input

/home/az/ITP Workspace/ns-allinone-3.29/ns-3.29/src/visualizer/visualizer/ipython_view.py:108: warning: documented symbol `visualizer.ipython_view.IterableIPShell::excepthook' was not declared or defined.
/home/az/ITP Workspace/ns-allinone-3.29/ns-3.29/src/visualizer/visualizer/ipython_view.py:582: warning: no matching class member found for 
  visualizer.ipython_view.IPythonView::execute

/home/az/ITP Workspace/ns-allinone-3.29/ns-3.29/src/visualizer/visualizer/ipython_view.py:586: warning: no matching class member found for 
  visualizer.ipython_view.IPythonView::showPrompt

warning: Call graph for 'TotalEnergy' not generated, too many nodes. Consider increasing DOT_GRAPH_MAX_NODES.
warning: Call graph for 'TotalEnergyHarvested' not generated, too many nodes. Consider increasing DOT_GRAPH_MAX_NODES.
warning: Call graph for 'TraceNextRx' not generated, too many nodes. Consider increasing DOT_GRAPH_MAX_NODES.
warning: Call graph for 'RateCallback' not generated, too many nodes. Consider increasing DOT_GRAPH_MAX_NODES.
/home/az/ITP Workspace/ns-allinone-3.29/ns-3.29/src/core/model/hash-murmur3.cc:129: warning: @copybrief or @copydoc target 'getblock(const uint32_t*,int)' not found
/home/az/ITP Workspace/ns-allinone-3.29/ns-3.29/src/core/model/int64x64-128.h:34: warning: End of list marker found without any preceding list items
warning: Included by graph for 'log.h' not generated, too many nodes. Consider increasing DOT_GRAPH_MAX_NODES.
warning: Caller graph for 'NS_LOG_LOGIC' not generated, too many nodes. Consider increasing DOT_GRAPH_MAX_NODES.
warning: Caller graph for 'NS_ASSERT_MSG' not generated, too many nodes. Consider increasing DOT_GRAPH_MAX_NODES.
warning: Call graph for 'PrintGnuplottableEnbListToFile' not generated, too many nodes. Consider increasing DOT_GRAPH_MAX_NODES.
warning: Call graph for 'PrintGnuplottableEnbListToFile' not generated, too many nodes. Consider increasing DOT_GRAPH_MAX_NODES.
warning: Call graph for 'NotifyHandoverEndOkEnb' not generated, too many nodes. Consider increasing DOT_GRAPH_MAX_NODES.
warning: Call graph for 'NotifyHandoverEndOkEnb' not generated, too many nodes. Consider increasing DOT_GRAPH_MAX_NODES.
warning: Call graph for 'GenerateTraffic' not generated, too many nodes. Consider increasing DOT_GRAPH_MAX_NODES.
warning: Call graph for 'SetupPacketReceive' not generated, too many nodes. Consider increasing DOT_GRAPH_MAX_NODES.
warning: Call graph for 'ChangeSignalAndReportRate' not generated, too many nodes. Consider increasing DOT_GRAPH_MAX_NODES.
warning: Caller graph for 'ns3::MakeCallback' not generated, too many nodes. Consider increasing DOT_GRAPH_MAX_NODES.
warning: Caller graph for 'ns3::MakeBoundCallback' not generated, too many nodes. Consider increasing DOT_GRAPH_MAX_NODES.
warning: Caller graph for 'ns3::Config::Connect' not generated, too many nodes. Consider increasing DOT_GRAPH_MAX_NODES.
warning: Caller graph for 'ns3::Config::SetDefault' not generated, too many nodes. Consider increasing DOT_GRAPH_MAX_NODES.
/home/az/ITP Workspace/ns-allinone-3.29/ns-3.29/src/core/model/hash-murmur3.cc:129: warning: @copybrief or @copydoc target 'getblock(const uint32_t*,int)' not found
/home/az/ITP Workspace/ns-allinone-3.29/ns-3.29/src/core/model/hash-murmur3.cc:129: warning: @copybrief or @copydoc target 'getblock(const uint32_t*,int)' not found
/home/az/ITP Workspace/ns-allinone-3.29/ns-3.29/src/core/model/hash-murmur3.cc:129: warning: @copydetails or @copydoc target 'getblock(const uint32_t*,int)' not found
warning: Caller graph for 'ns3::MakeTimeChecker' not generated, too many nodes. Consider increasing DOT_GRAPH_MAX_NODES.
warning: Caller graph for 'ns3::MicroSeconds' not generated, too many nodes. Consider increasing DOT_GRAPH_MAX_NODES.
warning: Caller graph for 'ns3::MilliSeconds' not generated, too many nodes. Consider increasing DOT_GRAPH_MAX_NODES.
warning: Caller graph for 'ns3::Seconds' not generated, too many nodes. Consider increasing DOT_GRAPH_MAX_NODES.
warning: Caller graph for 'ns3::Now' not generated, too many nodes. Consider increasing DOT_GRAPH_MAX_NODES.
warning: Caller graph for 'ns3::MakeTraceSourceAccessor' not generated, too many nodes. Consider increasing DOT_GRAPH_MAX_NODES.
warning: Caller graph for 'ns3::MakeBooleanAccessor' not generated, too many nodes. Consider increasing DOT_GRAPH_MAX_NODES.
warning: Caller graph for 'ns3::MakeBooleanChecker' not generated, too many nodes. Consider increasing DOT_GRAPH_MAX_NODES.
warning: Caller graph for 'ns3::MakeDoubleAccessor' not generated, too many nodes. Consider increasing DOT_GRAPH_MAX_NODES.
warning: Caller graph for 'ns3::MakePointerAccessor' not generated, too many nodes. Consider increasing DOT_GRAPH_MAX_NODES.
warning: Caller graph for 'ns3::MakeTimeAccessor' not generated, too many nodes. Consider increasing DOT_GRAPH_MAX_NODES.
warning: Caller graph for 'ns3::MakeUintegerAccessor' not generated, too many nodes. Consider increasing DOT_GRAPH_MAX_NODES.
warning: Call graph for 'LteDistributedFfrAreaTestCase::DoRun' not generated, too many nodes. Consider increasing DOT_GRAPH_MAX_NODES.
warning: Call graph for 'LteX2HandoverMeasuresTestCase::DoRun' not generated, too many nodes. Consider increasing DOT_GRAPH_MAX_NODES.
warning: Call graph for 'LteX2HandoverTestCase::DoRun' not generated, too many nodes. Consider increasing DOT_GRAPH_MAX_NODES.
/home/az/ITP Workspace/ns-allinone-3.29/ns-3.29/src/internet/test/tcp-prr-recovery-test.cc:48: warning: Found unknown command `\para'
/home/az/ITP Workspace/ns-allinone-3.29/ns-3.29/src/internet/test/tcp-prr-recovery-test.cc:49: warning: Found unknown command `\para'
/home/az/ITP Workspace/ns-allinone-3.29/ns-3.29/src/internet/test/tcp-prr-recovery-test.cc:50: warning: Found unknown command `\para'
/home/az/ITP Workspace/ns-allinone-3.29/ns-3.29/src/internet/test/tcp-prr-recovery-test.cc:54: warning: The following parameters of PrrRecoveryTest::PrrRecoveryTest(uint32_t cWnd, uint32_t segmentSize, uint32_t ssThresh, uint32_t unAckDataCount, uint32_t bytesInFlight, uint32_t m_lastSackedBytes, uint32_t bytesSent, const std::string &reductionBound, const std::string &name) are not documented:
  parameter 'm_lastSackedBytes'
  parameter 'bytesSent'
  parameter 'reductionBound'
warning: Call graph for 'static_SpectrumModelWifi5180MHz_initializer::static_SpectrumModelWifi5180MHz_initializer' not generated, too many nodes. Consider increasing DOT_GRAPH_MAX_NODES.
/home/az/ITP Workspace/ns-allinone-3.29/ns-3.29/src/internet/test/tcp-advertised-window-test.cc:359: warning: argument 'lossRatio' of command @param is not found in the argument list of TcpAdvWindowOnLossTest::TcpAdvWindowOnLossTest(const std::string &desc, uint32_t size, uint32_t packets, std::vector< uint32_t > &toDrop)
/home/az/ITP Workspace/ns-allinone-3.29/ns-3.29/src/internet/test/tcp-advertised-window-test.cc:366: warning: The following parameters of TcpAdvWindowOnLossTest::TcpAdvWindowOnLossTest(const std::string &desc, uint32_t size, uint32_t packets, std::vector< uint32_t > &toDrop) are not documented:
  parameter 'toDrop'
warning: Call graph for 'anonymous_namespace{wifi-phy.cc}::Constructor::Constructor' not generated, too many nodes. Consider increasing DOT_GRAPH_MAX_NODES.
warning: Caller graph for 'ns3::ApplicationContainer::Start' not generated, too many nodes. Consider increasing DOT_GRAPH_MAX_NODES.
warning: Caller graph for 'ns3::ApplicationContainer::Stop' not generated, too many nodes. Consider increasing DOT_GRAPH_MAX_NODES.
warning: Call graph for 'ns3::ApWifiMac::Receive' not generated, too many nodes. Consider increasing DOT_GRAPH_MAX_NODES.
/home/az/ITP Workspace/ns-allinone-3.29/ns-3.29/src/energy/helper/basic-energy-harvester-helper.h:44: warning: argument 'node' of command @param is not found in the argument list of ns3::BasicEnergyHarvesterHelper::DoInstall(Ptr< EnergySource > source) const inherited from member DoInstall at line 83 in file /home/az/ITP Workspace/ns-allinone-3.29/ns-3.29/src/energy/helper/energy-harvester-helper.h
/home/az/ITP Workspace/ns-allinone-3.29/ns-3.29/src/energy/helper/basic-energy-harvester-helper.h:44: warning: The following parameters of ns3::BasicEnergyHarvesterHelper::DoInstall(Ptr< EnergySource > source) const are not documented:
  parameter 'source'
/home/az/ITP Workspace/ns-allinone-3.29/ns-3.29/src/brite/helper/brite-topology-helper.h:165: warning: argument 'network' of command @param is not found in the argument list of ns3::BriteTopologyHelper::AssignIpv6Addresses(Ipv6AddressHelper &address)
/home/az/ITP Workspace/ns-allinone-3.29/ns-3.29/src/brite/helper/brite-topology-helper.h:165: warning: argument 'prefix' of command @param is not found in the argument list of ns3::BriteTopologyHelper::AssignIpv6Addresses(Ipv6AddressHelper &address)
/home/az/ITP Workspace/ns-allinone-3.29/ns-3.29/src/brite/helper/brite-topology-helper.h:170: warning: The following parameters of ns3::BriteTopologyHelper::AssignIpv6Addresses(Ipv6AddressHelper &address) are not documented:
  parameter 'address'
/home/az/ITP Workspace/ns-allinone-3.29/ns-3.29/src/brite/helper/brite-topology-helper.h:140: warning: The following parameters of ns3::BriteTopologyHelper::GetNodeForAs(uint32_t asNum, uint32_t nodeNum) are not documented:
  parameter 'nodeNum'
warning: Caller graph for 'ns3::Buffer::Iterator::GetDistanceFrom' not generated, too many nodes. Consider increasing DOT_GRAPH_MAX_NODES.
warning: Caller graph for 'ns3::Buffer::Iterator::Next' not generated, too many nodes. Consider increasing DOT_GRAPH_MAX_NODES.
warning: Caller graph for 'ns3::Buffer::Iterator::ReadNtohU16' not generated, too many nodes. Consider increasing DOT_GRAPH_MAX_NODES.
warning: Caller graph for 'ns3::Buffer::Iterator::ReadU8' not generated, too many nodes. Consider increasing DOT_GRAPH_MAX_NODES.
warning: Caller graph for 'ns3::Buffer::Iterator::Write' not generated, too many nodes. Consider increasing DOT_GRAPH_MAX_NODES.
warning: Caller graph for 'ns3::Buffer::Iterator::WriteHtonU16' not generated, too many nodes. Consider increasing DOT_GRAPH_MAX_NODES.
warning: Caller graph for 'ns3::Buffer::Iterator::WriteU16' not generated, too many nodes. Consider increasing DOT_GRAPH_MAX_NODES.
warning: Caller graph for 'ns3::Buffer::Iterator::WriteU8' not generated, too many nodes. Consider increasing DOT_GRAPH_MAX_NODES.
warning: Caller graph for 'ns3::Callback::IsNull' not generated, too many nodes. Consider increasing DOT_GRAPH_MAX_NODES.
warning: Caller graph for 'ns3::CommandLine::AddValue' not generated, too many nodes. Consider increasing DOT_GRAPH_MAX_NODES.
warning: Caller graph for 'ns3::CommandLine::Parse' not generated, too many nodes. Consider increasing DOT_GRAPH_MAX_NODES.
/home/az/ITP Workspace/ns-allinone-3.29/ns-3.29/src/energy/helper/energy-harvester-helper.h:83: warning: argument 'node' of command @param is not found in the argument list of ns3::EnergyHarvesterHelper::DoInstall(Ptr< EnergySource > source) const =0
/home/az/ITP Workspace/ns-allinone-3.29/ns-3.29/src/energy/helper/energy-harvester-helper.h:92: warning: The following parameters of ns3::EnergyHarvesterHelper::DoInstall(Ptr< EnergySource > source) const =0 are not documented:
  parameter 'source'
/home/az/ITP Workspace/ns-allinone-3.29/ns-3.29/src/energy/helper/energy-harvester-helper.h:74: warning: argument 'nodeName' of command @param is not found in the argument list of ns3::EnergyHarvesterHelper::Install(std::string sourceName) const
/home/az/ITP Workspace/ns-allinone-3.29/ns-3.29/src/energy/helper/energy-harvester-helper.h:80: warning: The following parameters of ns3::EnergyHarvesterHelper::Install(std::string sourceName) const are not documented:
  parameter 'sourceName'
warning: Caller graph for 'ns3::EventId::Cancel' not generated, too many nodes. Consider increasing DOT_GRAPH_MAX_NODES.
warning: Caller graph for 'ns3::EventId::IsRunning' not generated, too many nodes. Consider increasing DOT_GRAPH_MAX_NODES.
warning: Caller graph for 'ns3::InternetStackHelper::Install' not generated, too many nodes. Consider increasing DOT_GRAPH_MAX_NODES.
warning: Caller graph for 'ns3::Ipv4Address::GetAny' not generated, too many nodes. Consider increasing DOT_GRAPH_MAX_NODES.
warning: Caller graph for 'ns3::Ipv4AddressHelper::Assign' not generated, too many nodes. Consider increasing DOT_GRAPH_MAX_NODES.
warning: Caller graph for 'ns3::Ipv4AddressHelper::SetBase' not generated, too many nodes. Consider increasing DOT_GRAPH_MAX_NODES.
warning: Caller graph for 'ns3::Ipv4Header::GetDestination' not generated, too many nodes. Consider increasing DOT_GRAPH_MAX_NODES.
warning: Caller graph for 'ns3::Ipv4InterfaceContainer::GetAddress' not generated, too many nodes. Consider increasing DOT_GRAPH_MAX_NODES.
/home/az/ITP Workspace/ns-allinone-3.29/ns-3.29/src/internet/model/itp-header.h:56: warning: argument 'port' of command @param is not found in the argument list of ns3::ItpHeader::SetSeqNumber(uint16_t seq)
/home/az/ITP Workspace/ns-allinone-3.29/ns-3.29/src/internet/model/itp-header.h:59: warning: The following parameters of ns3::ItpHeader::SetSeqNumber(uint16_t seq) are not documented:
  parameter 'seq'
/home/az/ITP Workspace/ns-allinone-3.29/ns-3.29/src/internet/model/itp-header.h:52: warning: argument 'port' of command @param is not found in the argument list of ns3::ItpHeader::SetType(uint16_t type)
/home/az/ITP Workspace/ns-allinone-3.29/ns-3.29/src/internet/model/itp-header.h:55: warning: The following parameters of ns3::ItpHeader::SetType(uint16_t type) are not documented:
  parameter 'type'
/home/az/ITP Workspace/ns-allinone-3.29/ns-3.29/src/applications/model/itp-sink.h:67: warning: argument 'socket' of command @param is not found in the argument list of ns3::ItpSink::HandleRead(Address from)
/home/az/ITP Workspace/ns-allinone-3.29/ns-3.29/src/applications/model/itp-sink.h:72: warning: The following parameters of ns3::ItpSink::HandleRead(Address from) are not documented:
  parameter 'from'
/home/az/ITP Workspace/ns-allinone-3.29/ns-3.29/src/applications/model/itp-source.h:110: warning: argument 'socket' of command @param is not found in the argument list of ns3::ItpSource::HandleRead(Address from)
/home/az/ITP Workspace/ns-allinone-3.29/ns-3.29/src/applications/model/itp-source.h:118: warning: The following parameters of ns3::ItpSource::HandleRead(Address from) are not documented:
  parameter 'from'
warning: Caller graph for 'ns3::ListPositionAllocator::Add' not generated, too many nodes. Consider increasing DOT_GRAPH_MAX_NODES.
warning: Caller graph for 'ns3::LteHelper::Attach' not generated, too many nodes. Consider increasing DOT_GRAPH_MAX_NODES.
warning: Caller graph for 'ns3::LteHelper::InstallEnbDevice' not generated, too many nodes. Consider increasing DOT_GRAPH_MAX_NODES.
warning: Caller graph for 'ns3::LteHelper::InstallUeDevice' not generated, too many nodes. Consider increasing DOT_GRAPH_MAX_NODES.
warning: Caller graph for 'ns3::LteHelper::SetSchedulerType' not generated, too many nodes. Consider increasing DOT_GRAPH_MAX_NODES.
warning: Caller graph for 'ns3::Mac48Address::IsGroup' not generated, too many nodes. Consider increasing DOT_GRAPH_MAX_NODES.
warning: Call graph for 'ns3::MacLow::ReceiveOk' not generated, too many nodes. Consider increasing DOT_GRAPH_MAX_NODES.
warning: Caller graph for 'ns3::MobilityHelper::Install' not generated, too many nodes. Consider increasing DOT_GRAPH_MAX_NODES.
warning: Caller graph for 'ns3::MobilityHelper::SetMobilityModel' not generated, too many nodes. Consider increasing DOT_GRAPH_MAX_NODES.
warning: Caller graph for 'ns3::MobilityHelper::SetPositionAllocator' not generated, too many nodes. Consider increasing DOT_GRAPH_MAX_NODES.
warning: Caller graph for 'ns3::MobilityModel::SetPosition' not generated, too many nodes. Consider increasing DOT_GRAPH_MAX_NODES.
warning: Caller graph for 'ns3::NetDeviceContainer::Add' not generated, too many nodes. Consider increasing DOT_GRAPH_MAX_NODES.
warning: Caller graph for 'ns3::NetDeviceContainer::Get' not generated, too many nodes. Consider increasing DOT_GRAPH_MAX_NODES.
warning: Caller graph for 'ns3::Node::AddDevice' not generated, too many nodes. Consider increasing DOT_GRAPH_MAX_NODES.
warning: Caller graph for 'ns3::Node::GetDevice' not generated, too many nodes. Consider increasing DOT_GRAPH_MAX_NODES.
warning: Caller graph for 'ns3::Node::GetId' not generated, too many nodes. Consider increasing DOT_GRAPH_MAX_NODES.
warning: Caller graph for 'ns3::NodeContainer::Begin' not generated, too many nodes. Consider increasing DOT_GRAPH_MAX_NODES.
warning: Caller graph for 'ns3::NodeContainer::Create' not generated, too many nodes. Consider increasing DOT_GRAPH_MAX_NODES.
warning: Caller graph for 'ns3::NodeContainer::End' not generated, too many nodes. Consider increasing DOT_GRAPH_MAX_NODES.
warning: Caller graph for 'ns3::NodeContainer::Get' not generated, too many nodes. Consider increasing DOT_GRAPH_MAX_NODES.
/home/az/ITP Workspace/ns-allinone-3.29/ns-3.29/src/mpi/model/null-message-mpi-interface.h:144: warning: Found unknown command `\bundle'
/home/az/ITP Workspace/ns-allinone-3.29/ns-3.29/src/mpi/model/null-message-mpi-interface.h:167: warning: The following parameters of ns3::NullMessageMpiInterface::SendNullMessage(const Time &guaranteeUpdate, Ptr< RemoteChannelBundle > bundle) are not documented:
  parameter 'bundle'
warning: Caller graph for 'ns3::Object::AggregateObject' not generated, too many nodes. Consider increasing DOT_GRAPH_MAX_NODES.
warning: Caller graph for 'ns3::Object::DoDispose' not generated, too many nodes. Consider increasing DOT_GRAPH_MAX_NODES.
warning: Caller graph for 'ns3::Object::GetObject' not generated, too many nodes. Consider increasing DOT_GRAPH_MAX_NODES.
warning: Caller graph for 'ns3::ObjectBase::SetAttribute' not generated, too many nodes. Consider increasing DOT_GRAPH_MAX_NODES.
warning: Caller graph for 'ns3::ObjectBase::TraceConnectWithoutContext' not generated, too many nodes. Consider increasing DOT_GRAPH_MAX_NODES.
warning: Caller graph for 'ns3::ObjectFactory::Create' not generated, too many nodes. Consider increasing DOT_GRAPH_MAX_NODES.
warning: Caller graph for 'ns3::ObjectFactory::Set' not generated, too many nodes. Consider increasing DOT_GRAPH_MAX_NODES.
warning: Caller graph for 'ns3::ObjectFactory::SetTypeId' not generated, too many nodes. Consider increasing DOT_GRAPH_MAX_NODES.
/home/az/ITP Workspace/ns-allinone-3.29/ns-3.29/src/openflow/model/openflow-switch-net-device.h:280: warning: explicit link request to 'ENOMEM' could not be resolved
/home/az/ITP Workspace/ns-allinone-3.29/ns-3.29/src/openflow/model/openflow-switch-net-device.h:280: warning: explicit link request to 'ENOBUFS' could not be resolved
/home/az/ITP Workspace/ns-allinone-3.29/ns-3.29/src/openflow/model/openflow-switch-net-device.h:280: warning: explicit link request to 'ESRCH' could not be resolved
/home/az/ITP Workspace/ns-allinone-3.29/ns-3.29/src/openflow/model/openflow-switch-net-device.h:136: warning: explicit link request to 'EXFULL' could not be resolved
/home/az/ITP Workspace/ns-allinone-3.29/ns-3.29/src/openflow/model/openflow-switch-net-device.h:148: warning: explicit link request to 'EINVAL' could not be resolved
/home/az/ITP Workspace/ns-allinone-3.29/ns-3.29/src/openflow/model/openflow-switch-net-device.h:311: warning: The following parameters of ns3::OpenFlowSwitchNetDevice::OutputPacket(uint32_t packet_uid, int out_port) are not documented:
  parameter 'out_port'
/home/az/ITP Workspace/ns-allinone-3.29/ns-3.29/src/openflow/model/openflow-switch-net-device.h:470: warning: argument 'msg' of command @param is not found in the argument list of ns3::OpenFlowSwitchNetDevice::ReceiveEchoReply(const void *oh)
/home/az/ITP Workspace/ns-allinone-3.29/ns-3.29/src/openflow/model/openflow-switch-net-device.h:482: warning: The following parameters of ns3::OpenFlowSwitchNetDevice::ReceiveEchoReply(const void *oh) are not documented:
  parameter 'oh'
/home/az/ITP Workspace/ns-allinone-3.29/ns-3.29/src/openflow/model/openflow-switch-net-device.h:470: warning: argument 'msg' of command @param is not found in the argument list of ns3::OpenFlowSwitchNetDevice::ReceiveEchoRequest(const void *oh)
/home/az/ITP Workspace/ns-allinone-3.29/ns-3.29/src/openflow/model/openflow-switch-net-device.h:481: warning: The following parameters of ns3::OpenFlowSwitchNetDevice::ReceiveEchoRequest(const void *oh) are not documented:
  parameter 'oh'
/home/az/ITP Workspace/ns-allinone-3.29/ns-3.29/src/openflow/model/openflow-switch-net-device.h:255: warning: argument 'PacketType' of command @param is not found in the argument list of ns3::OpenFlowSwitchNetDevice::ReceiveFromDevice(Ptr< NetDevice > netdev, Ptr< const Packet > packet, uint16_t protocol, const Address &src, const Address &dst, PacketType packetType)
/home/az/ITP Workspace/ns-allinone-3.29/ns-3.29/src/openflow/model/openflow-switch-net-device.h:263: warning: The following parameters of ns3::OpenFlowSwitchNetDevice::ReceiveFromDevice(Ptr< NetDevice > netdev, Ptr< const Packet > packet, uint16_t protocol, const Address &src, const Address &dst, PacketType packetType) are not documented:
  parameter 'packetType'
/home/az/ITP Workspace/ns-allinone-3.29/ns-3.29/src/openflow/model/openflow-switch-net-device.h:470: warning: argument 'msg' of command @param is not found in the argument list of ns3::OpenFlowSwitchNetDevice::ReceiveStatsRequest(const void *oh)
/home/az/ITP Workspace/ns-allinone-3.29/ns-3.29/src/openflow/model/openflow-switch-net-device.h:480: warning: The following parameters of ns3::OpenFlowSwitchNetDevice::ReceiveStatsRequest(const void *oh) are not documented:
  parameter 'oh'
warning: Caller graph for 'ns3::OutputStreamWrapper::GetStream' not generated, too many nodes. Consider increasing DOT_GRAPH_MAX_NODES.
warning: Caller graph for 'ns3::Packet::AddHeader' not generated, too many nodes. Consider increasing DOT_GRAPH_MAX_NODES.
warning: Caller graph for 'ns3::Packet::AddPacketTag' not generated, too many nodes. Consider increasing DOT_GRAPH_MAX_NODES.
warning: Caller graph for 'ns3::Packet::Copy' not generated, too many nodes. Consider increasing DOT_GRAPH_MAX_NODES.
warning: Caller graph for 'ns3::Packet::CopyData' not generated, too many nodes. Consider increasing DOT_GRAPH_MAX_NODES.
warning: Caller graph for 'ns3::Packet::GetSize' not generated, too many nodes. Consider increasing DOT_GRAPH_MAX_NODES.
warning: Caller graph for 'ns3::Packet::GetUid' not generated, too many nodes. Consider increasing DOT_GRAPH_MAX_NODES.
warning: Caller graph for 'ns3::Packet::PeekHeader' not generated, too many nodes. Consider increasing DOT_GRAPH_MAX_NODES.
warning: Caller graph for 'ns3::Packet::RemoveHeader' not generated, too many nodes. Consider increasing DOT_GRAPH_MAX_NODES.
warning: Caller graph for 'ns3::Packet::RemovePacketTag' not generated, too many nodes. Consider increasing DOT_GRAPH_MAX_NODES.
warning: Caller graph for 'ns3::PacketSinkHelper::Install' not generated, too many nodes. Consider increasing DOT_GRAPH_MAX_NODES.
warning: Caller graph for 'ns3::RandomVariableStream::SetStream' not generated, too many nodes. Consider increasing DOT_GRAPH_MAX_NODES.
/home/az/ITP Workspace/ns-allinone-3.29/ns-3.29/src/mpi/model/remote-channel-bundle.h:74: warning: argument 'guarantee' of command @param is not found in the argument list of ns3::RemoteChannelBundle::SetGuaranteeTime(Time time)
/home/az/ITP Workspace/ns-allinone-3.29/ns-3.29/src/mpi/model/remote-channel-bundle.h:80: warning: The following parameters of ns3::RemoteChannelBundle::SetGuaranteeTime(Time time) are not documented:
  parameter 'time'
warning: Caller graph for 'ns3::Simulator::Destroy' not generated, too many nodes. Consider increasing DOT_GRAPH_MAX_NODES.
warning: Caller graph for 'ns3::Simulator::Now' not generated, too many nodes. Consider increasing DOT_GRAPH_MAX_NODES.
warning: Caller graph for 'ns3::Simulator::Run' not generated, too many nodes. Consider increasing DOT_GRAPH_MAX_NODES.
warning: Caller graph for 'ns3::Simulator::Schedule' not generated, too many nodes. Consider increasing DOT_GRAPH_MAX_NODES.
warning: Caller graph for 'ns3::Simulator::ScheduleNow' not generated, too many nodes. Consider increasing DOT_GRAPH_MAX_NODES.
warning: Caller graph for 'ns3::Simulator::Stop' not generated, too many nodes. Consider increasing DOT_GRAPH_MAX_NODES.
warning: Caller graph for 'ns3::Socket::Bind' not generated, too many nodes. Consider increasing DOT_GRAPH_MAX_NODES.
warning: Caller graph for 'ns3::Socket::CreateSocket' not generated, too many nodes. Consider increasing DOT_GRAPH_MAX_NODES.
warning: Caller graph for 'ns3::Socket::RecvFrom' not generated, too many nodes. Consider increasing DOT_GRAPH_MAX_NODES.
warning: Caller graph for 'ns3::Socket::SendTo' not generated, too many nodes. Consider increasing DOT_GRAPH_MAX_NODES.
warning: Caller graph for 'ns3::Socket::SetRecvCallback' not generated, too many nodes. Consider increasing DOT_GRAPH_MAX_NODES.
warning: Call graph for 'ns3::StaWifiMac::Receive' not generated, too many nodes. Consider increasing DOT_GRAPH_MAX_NODES.
warning: Call graph for 'ns3::StaWifiMac::UpdateApInfoFromAssocResp' not generated, too many nodes. Consider increasing DOT_GRAPH_MAX_NODES.
warning: Call graph for 'ns3::StaWifiMac::UpdateApInfoFromBeacon' not generated, too many nodes. Consider increasing DOT_GRAPH_MAX_NODES.
/home/az/ITP Workspace/ns-allinone-3.29/ns-3.29/src/internet/model/tcp-recovery-ops.h:199: warning: argument 'isSackEnabled' of command @param is not found in the argument list of ns3::TcpClassicRecovery::ExitRecovery(Ptr< TcpSocketState > tcb) inherited from member ExitRecovery at line 121 in file /home/az/ITP Workspace/ns-allinone-3.29/ns-3.29/src/internet/model/tcp-recovery-ops.h
warning: Call graph for 'ns3::TcpGeneralTest::DoRun' not generated, too many nodes. Consider increasing DOT_GRAPH_MAX_NODES.
/home/az/ITP Workspace/ns-allinone-3.29/ns-3.29/src/internet/test/tcp-general-test.h:647: warning: argument 'recovery' of command @param is not found in the argument list of ns3::TcpGeneralTest::SetRecoveryAlgorithm(TypeId reccovery)
/home/az/ITP Workspace/ns-allinone-3.29/ns-3.29/src/internet/test/tcp-general-test.h:652: warning: The following parameters of ns3::TcpGeneralTest::SetRecoveryAlgorithm(TypeId reccovery) are not documented:
  parameter 'reccovery'
/home/az/ITP Workspace/ns-allinone-3.29/ns-3.29/src/internet/model/tcp-prr-recovery.h:80: warning: argument 'isSackEnabled' of command @param is not found in the argument list of ns3::TcpPrrRecovery::ExitRecovery(Ptr< TcpSocketState > tcb) inherited from member ExitRecovery at line 121 in file /home/az/ITP Workspace/ns-allinone-3.29/ns-3.29/src/internet/model/tcp-recovery-ops.h
/home/az/ITP Workspace/ns-allinone-3.29/ns-3.29/src/internet/model/tcp-recovery-ops.h:121: warning: argument 'isSackEnabled' of command @param is not found in the argument list of ns3::TcpRecoveryOps::ExitRecovery(Ptr< TcpSocketState > tcb)=0
/home/az/ITP Workspace/ns-allinone-3.29/ns-3.29/src/internet/model/tcp-tx-buffer.h:305: warning: argument 'dupThresh' of command @param is not found in the argument list of ns3::TcpTxBuffer::IsLost(const SequenceNumber32 &seq) const
/home/az/ITP Workspace/ns-allinone-3.29/ns-3.29/src/internet/model/tcp-tx-buffer.h:305: warning: argument 'segmentSize' of command @param is not found in the argument list of ns3::TcpTxBuffer::IsLost(const SequenceNumber32 &seq) const
warning: Caller graph for 'ns3::TestCase::AddTestCase' not generated, too many nodes. Consider increasing DOT_GRAPH_MAX_NODES.
warning: Caller graph for 'ns3::TestCase::GetName' not generated, too many nodes. Consider increasing DOT_GRAPH_MAX_NODES.
warning: Caller graph for 'ns3::Time::GetSeconds' not generated, too many nodes. Consider increasing DOT_GRAPH_MAX_NODES.
warning: Caller graph for 'ns3::TracedValue::Get' not generated, too many nodes. Consider increasing DOT_GRAPH_MAX_NODES.
warning: Caller graph for 'ns3::TypeId::GetName' not generated, too many nodes. Consider increasing DOT_GRAPH_MAX_NODES.
warning: Caller graph for 'ns3::TypeId::SetParent' not generated, too many nodes. Consider increasing DOT_GRAPH_MAX_NODES.
warning: Caller graph for 'ns3::UniformRandomVariable::GetValue' not generated, too many nodes. Consider increasing DOT_GRAPH_MAX_NODES.
warning: Caller graph for 'ns3::WifiMacHeader::GetAddr1' not generated, too many nodes. Consider increasing DOT_GRAPH_MAX_NODES.
warning: Caller graph for 'ns3::WifiModeFactory::CreateWifiMcs' not generated, too many nodes. Consider increasing DOT_GRAPH_MAX_NODES.
/home/az/ITP Workspace/ns-allinone-3.29/ns-3.29/src/aodv/model/aodv-packet.cc:132: warning: The following parameters of ns3::aodv::operator<<(std::ostream &os, TypeHeader const &h) are not documented:
  parameter 'h'
/home/az/ITP Workspace/ns-allinone-3.29/ns-3.29/src/core/model/hash-murmur3.cc:129: warning: @copybrief or @copydoc target 'getblock(const uint32_t*,int)' not found
/home/az/ITP Workspace/ns-allinone-3.29/ns-3.29/src/olsr/model/olsr-header.cc:86: warning: argument 'olsr_format' of command @param is not found in the argument list of ns3::olsr::EmfToSeconds(uint8_t olsrFormat)
/home/az/ITP Workspace/ns-allinone-3.29/ns-3.29/src/olsr/model/olsr-header.cc:91: warning: The following parameters of ns3::olsr::EmfToSeconds(uint8_t olsrFormat) are not documented:
  parameter 'olsrFormat'
warning: Caller graph for 'visualizer.core.start' not generated, too many nodes. Consider increasing DOT_GRAPH_MAX_NODES.
error: Problems running dot: exit code=2, command='dot', arguments='"/home/az/ITP Workspace/ns-allinone-3.29/ns-3.29/doc/html/classns3_1_1int64x64__t_ace887063120da237fb72a8c5aaf84868_cgraph.dot" -Tpng -o "/home/az/ITP Workspace/ns-allinone-3.29/ns-3.29/doc/html/classns3_1_1int64x64__t_ace887063120da237fb72a8c5aaf84868_cgraph.png"'
error: Problems running dot: exit code=2, command='dot', arguments='"/home/az/ITP Workspace/ns-allinone-3.29/ns-3.29/doc/html/classns3_1_1int64x64__t_ace887063120da237fb72a8c5aaf84868_cgraph.dot" -Tpng -o "/home/az/ITP Workspace/ns-allinone-3.29/ns-3.29/doc/html/classns3_1_1int64x64__t_ace887063120da237fb72a8c5aaf84868_cgraph.png"'
